#
# There is insufficient memory for the Java Runtime Environment to continue.
# Native memory allocation (mmap) failed to map 268435456 bytes. Error detail: G1 virtual space
# Possible reasons:
#   The system is out of physical RAM or swap space
#   This process is running with CompressedOops enabled, and the Java Heap may be blocking the growth of the native heap
# Possible solutions:
#   Reduce memory load on the system
#   Increase physical memory or swap space
#   Check if swap backing store is full
#   Decrease Java heap size (-Xmx/-Xms)
#   Decrease number of Java threads
#   Decrease Java thread stack sizes (-Xss)
#   Set larger code cache with -XX:ReservedCodeCacheSize=
#   JVM is running with Unscaled Compressed Oops mode in which the Java heap is
#     placed in the first 4GB address space. The Java Heap base address is the
#     maximum limit for the native heap growth. Please use -XX:HeapBaseMinAddress
#     to set the Java Heap base and to place the Java Heap above 4GB virtual address.
# This output file may be truncated or incomplete.
#
#  Out of Memory Error (os_windows.cpp:3618), pid=4952, tid=17812
#
# JRE version:  (17.0.19+10) (build )
# Java VM: OpenJDK 64-Bit Server VM (17.0.19+10, mixed mode, sharing, tiered, compressed oops, compressed class ptrs, g1 gc, windows-amd64)
# No core dump will be written. Minidumps are not enabled by default on client versions of Windows
#

---------------  S U M M A R Y ------------

Command Line: -Djava.awt.headless=true -Djava.library.path=E:\Program Files\Java\jdk-21.0.8\bin;C:\WINDOWS\Sun\Java\bin;C:\WINDOWS\system32;C:\WINDOWS;C:\Users\TechFast Australia\AppData\Local\Packages\PythonSoftwareFoundation.Python.3.13_qbz5n2kfra8p0\LocalCache\local-packages\Python313\Scripts;C:\Program Files (x86)\Razer Chroma SDK\bin;C:\Program Files\Razer Chroma SDK\bin;C:\Program Files (x86)\Common Files\Intel\Shared Libraries\redist\intel64\compiler;C:\Program Files (x86)\Common Files\Oracle\Java\javapath;C:\Program Files (x86)\NVIDIA Corporation\PhysX\Common;C:\WINDOWS\system32;C:\WINDOWS;C:\WINDOWS\System32\Wbem;C:\WINDOWS\System32\WindowsPowerShell\v1.0\;C:\WINDOWS\System32\OpenSSH\;C:\Users\TechFast Australia\AppData\Local\Microsoft\WindowsApps;E:\Microsoft VS Code\bin;C:\WINDOWS\system32;C:\WINDOWS;C:\WINDOWS\System32\Wbem;C:\WINDOWS\System32\WindowsPowerShell\v1.0\;C:\WINDOWS\System32\OpenSSH\;C:\Program Files\Calibre2\;C:\Program Files\Git\cmd;D:\Apktool;E:\Program Files\Java\jdk-21.0.8\bin;C:\Program Files\dotnet\;D:\AppData\Local\Android\Sdk\platform-tools;E:\Program Files\Node\;C:\Users\TechFast Australia\.local\bin;C:\Users\TechFast Australia\AppData\Local\Microsoft\WindowsApps;E:\Microsoft VS Code\bin;C:\Program Files (x86)\Common Files\Oracle\Java\javapath\java.exe;C:\Users\TechFast Australia\AppData\Roaming\npm;C:\Users\TechFast Australia\.local\bin;;.;D:\Projects\Quest\health\src\testDebug\jniLibs;D:\Projects\Quest\health\src\test\jniLibs -Dorg.gradle.internal.worker.tmpdir=D:\Projects\Quest\health\build\tmp\testDebugUnitTest\work --add-opens=java.base/java.io=ALL-UNNAMED -Xmx512m -Dfile.encoding=UTF-8 -Duser.country=AU -Duser.language=en -Duser.variant -ea worker.org.gradle.process.internal.worker.GradleWorkerMain 'Gradle Test Executor 25'

Host: AMD Ryzen 5 3600X 6-Core Processor             , 12 cores, 15G,  Windows 10 , 64 bit Build 19041 (10.0.19041.5915)
Time: Fri Jul 24 00:06:01 2026 AUS Eastern Standard Time elapsed time: 0.032916 seconds (0d 0h 0m 0s)

---------------  T H R E A D  ---------------

Current thread (0x00000187dc0ce1a0):  JavaThread "Unknown thread" [_thread_in_vm, id=17812, stack(0x0000005a62100000,0x0000005a62200000)]

Stack: [0x0000005a62100000,0x0000005a62200000]
Native frames: (J=compiled Java code, j=interpreted, Vv=VM code, C=native code)
V  [jvm.dll+0x684b29]
V  [jvm.dll+0x83a2d5]
V  [jvm.dll+0x83bd4e]
V  [jvm.dll+0x83c3d3]
V  [jvm.dll+0x24905f]
V  [jvm.dll+0x6818e9]
V  [jvm.dll+0x6766ea]
V  [jvm.dll+0x3093b7]
V  [jvm.dll+0x3109a6]
V  [jvm.dll+0x360f1e]
V  [jvm.dll+0x36115d]
V  [jvm.dll+0x2e043c]
V  [jvm.dll+0x2e1348]
V  [jvm.dll+0x80d19b]
V  [jvm.dll+0x36eba1]
V  [jvm.dll+0x7ebd75]
V  [jvm.dll+0x3f47ab]
V  [jvm.dll+0x3f6291]
C  [jli.dll+0x52dc]
C  [ucrtbase.dll+0x21bb2]
C  [KERNEL32.DLL+0x17374]
C  [ntdll.dll+0x4cc91]


---------------  P R O C E S S  ---------------

Threads class SMR info:
_java_thread_list=0x00007ffe83ea8f58, length=0, elements={
}

Java Threads: ( => current thread )

Other Threads:
  0x00000187dc310420 GCTaskThread "GC Thread#0" [stack: 0x0000005a62200000,0x0000005a62300000] [id=6200]
  0x00000187dc313260 ConcurrentGCThread "G1 Main Marker" [stack: 0x0000005a62300000,0x0000005a62400000] [id=4340]
  0x00000187dc313b90 ConcurrentGCThread "G1 Conc#0" [stack: 0x0000005a62400000,0x0000005a62500000] [id=19192]

[error occurred during error reporting (printing all threads), id 0xc0000005, EXCEPTION_ACCESS_VIOLATION (0xc0000005) at pc=0x00007ffe83660f67]

VM state: not at safepoint (not fully initialized)

VM Mutex/Monitor currently owned by a thread:  ([mutex/lock_event])
[0x00000187dc2d88d0] Heap_lock - owner thread: 0x00000187dc0ce1a0

Heap address: 0x00000000e0000000, size: 512 MB, Compressed Oops mode: 32-bit

CDS archive(s) mapped at: [0x0000000000000000-0x0000000000000000-0x0000000000000000), size 0, SharedBaseAddress: 0x0000000800000000, ArchiveRelocationMode: 1.
Narrow klass base: 0x0000000000000000, Narrow klass shift: 0, Narrow klass range: 0x0

GC Precious Log:
<Empty>

Heap:
 garbage-first heap   total 0K, used 0K [0x00000000e0000000, 0x0000000100000000)
  region size 1024K, 0 young (0K), 0 survivors (0K)

[error occurred during error reporting (printing heap information), id 0xc0000005, EXCEPTION_ACCESS_VIOLATION (0xc0000005) at pc=0x00007ffe83a4e139]

GC Heap History (0 events):
No events

Dll operation events (1 events):
Event: 0.027 Loaded shared library C:\Users\TechFast Australia\.gradle\jdks\eclipse_adoptium-17-amd64-windows.2\bin\java.dll

Deoptimization events (0 events):
No events

Classes loaded (0 events):
No events

Classes unloaded (0 events):
No events

Classes redefined (0 events):
No events

Internal exceptions (0 events):
No events

VM Operations (0 events):
No events

Memory protections (0 events):
No events

Nmethod flushes (0 events):
No events

Events (0 events):
No events


Dynamic libraries:
0x00007ff7c1420000 - 0x00007ff7c142e000 	C:\Users\TechFast Australia\.gradle\jdks\eclipse_adoptium-17-amd64-windows.2\bin\java.exe
0x00007fff02a70000 - 0x00007fff02c68000 	C:\WINDOWS\SYSTEM32\ntdll.dll
0x00007fff01c00000 - 0x00007fff01cc2000 	C:\WINDOWS\System32\KERNEL32.DLL
0x00007fff00790000 - 0x00007fff00a86000 	C:\WINDOWS\System32\KERNELBASE.dll
0x00007fff00560000 - 0x00007fff00660000 	C:\WINDOWS\System32\ucrtbase.dll
0x00007ffefc050000 - 0x00007ffefc068000 	C:\Users\TechFast Australia\.gradle\jdks\eclipse_adoptium-17-amd64-windows.2\bin\jli.dll
0x00007fff00b50000 - 0x00007fff00cf1000 	C:\WINDOWS\System32\USER32.dll
0x00007fff00660000 - 0x00007fff00682000 	C:\WINDOWS\System32\win32u.dll
0x00007fff01d60000 - 0x00007fff01d8b000 	C:\WINDOWS\System32\GDI32.dll
0x00007fff00300000 - 0x00007fff00419000 	C:\WINDOWS\System32\gdi32full.dll
0x00007fff00260000 - 0x00007fff002fd000 	C:\WINDOWS\System32\msvcp_win.dll
0x00007ffefc030000 - 0x00007ffefc04e000 	C:\Users\TechFast Australia\.gradle\jdks\eclipse_adoptium-17-amd64-windows.2\bin\VCRUNTIME140.dll
0x00007ffeecfd0000 - 0x00007ffeed26b000 	C:\WINDOWS\WinSxS\amd64_microsoft.windows.common-controls_6595b64144ccf1df_6.0.19041.6456_none_60b8a6cb71f64256\COMCTL32.dll
0x00007fff02100000 - 0x00007fff0219e000 	C:\WINDOWS\System32\msvcrt.dll
0x00007fff01cd0000 - 0x00007fff01cff000 	C:\WINDOWS\System32\IMM32.DLL
0x00007ffefc0d0000 - 0x00007ffefc0dc000 	C:\Users\TechFast Australia\.gradle\jdks\eclipse_adoptium-17-amd64-windows.2\bin\vcruntime140_1.dll
0x00007ffee6c10000 - 0x00007ffee6c9d000 	C:\Users\TechFast Australia\.gradle\jdks\eclipse_adoptium-17-amd64-windows.2\bin\msvcp140.dll
0x00007ffe83370000 - 0x00007ffe83fdc000 	C:\Users\TechFast Australia\.gradle\jdks\eclipse_adoptium-17-amd64-windows.2\bin\server\jvm.dll
0x00007fff018c0000 - 0x00007fff01971000 	C:\WINDOWS\System32\ADVAPI32.dll
0x00007fff00ab0000 - 0x00007fff00b4f000 	C:\WINDOWS\System32\sechost.dll
0x00007fff01e60000 - 0x00007fff01f80000 	C:\WINDOWS\System32\RPCRT4.dll
0x00007fff004b0000 - 0x00007fff004d7000 	C:\WINDOWS\System32\bcrypt.dll
0x00007fff02310000 - 0x00007fff0237b000 	C:\WINDOWS\System32\WS2_32.dll
0x00007ffeff650000 - 0x00007ffeff69b000 	C:\WINDOWS\SYSTEM32\POWRPROF.dll
0x00007ffef2ee0000 - 0x00007ffef2f07000 	C:\WINDOWS\SYSTEM32\WINMM.dll
0x00007ffef8a80000 - 0x00007ffef8a8a000 	C:\WINDOWS\SYSTEM32\VERSION.dll
0x00007ffeff4c0000 - 0x00007ffeff4d2000 	C:\WINDOWS\SYSTEM32\UMPDC.dll
0x00007ffefe130000 - 0x00007ffefe142000 	C:\WINDOWS\SYSTEM32\kernel.appcore.dll
0x00007ffeef4f0000 - 0x00007ffeef4fa000 	C:\Users\TechFast Australia\.gradle\jdks\eclipse_adoptium-17-amd64-windows.2\bin\jimage.dll
0x00007ffefdc00000 - 0x00007ffefde01000 	C:\WINDOWS\SYSTEM32\DBGHELP.DLL
0x00007ffeea400000 - 0x00007ffeea434000 	C:\WINDOWS\SYSTEM32\dbgcore.DLL
0x00007fff00420000 - 0x00007fff004a2000 	C:\WINDOWS\System32\bcryptPrimitives.dll
0x00007ffeec5b0000 - 0x00007ffeec5d5000 	C:\Users\TechFast Australia\.gradle\jdks\eclipse_adoptium-17-amd64-windows.2\bin\java.dll

dbghelp: loaded successfully - version: 4.0.5 - missing functions: none
symbol engine: initialized successfully - sym options: 0x614 - pdb path: .;C:\Users\TechFast Australia\.gradle\jdks\eclipse_adoptium-17-amd64-windows.2\bin;C:\WINDOWS\SYSTEM32;C:\WINDOWS\WinSxS\amd64_microsoft.windows.common-controls_6595b64144ccf1df_6.0.19041.6456_none_60b8a6cb71f64256;C:\Users\TechFast Australia\.gradle\jdks\eclipse_adoptium-17-amd64-windows.2\bin\server

VM Arguments:
jvm_args: -Djava.awt.headless=true -Djava.library.path=E:\Program Files\Java\jdk-21.0.8\bin;C:\WINDOWS\Sun\Java\bin;C:\WINDOWS\system32;C:\WINDOWS;C:\Users\TechFast Australia\AppData\Local\Packages\PythonSoftwareFoundation.Python.3.13_qbz5n2kfra8p0\LocalCache\local-packages\Python313\Scripts;C:\Program Files (x86)\Razer Chroma SDK\bin;C:\Program Files\Razer Chroma SDK\bin;C:\Program Files (x86)\Common Files\Intel\Shared Libraries\redist\intel64\compiler;C:\Program Files (x86)\Common Files\Oracle\Java\javapath;C:\Program Files (x86)\NVIDIA Corporation\PhysX\Common;C:\WINDOWS\system32;C:\WINDOWS;C:\WINDOWS\System32\Wbem;C:\WINDOWS\System32\WindowsPowerShell\v1.0\;C:\WINDOWS\System32\OpenSSH\;C:\Users\TechFast Australia\AppData\Local\Microsoft\WindowsApps;E:\Microsoft VS Code\bin;C:\WINDOWS\system32;C:\WINDOWS;C:\WINDOWS\System32\Wbem;C:\WINDOWS\System32\WindowsPowerShell\v1.0\;C:\WINDOWS\System32\OpenSSH\;C:\Program Files\Calibre2\;C:\Program Files\Git\cmd;D:\Apktool;E:\Program Files\Java\jdk-21.0.8\bin;C:\Program Files\dotnet\;D:\AppData\Local\Android\Sdk\platform-tools;E:\Program Files\Node\;C:\Users\TechFast Australia\.local\bin;C:\Users\TechFast Australia\AppData\Local\Microsoft\WindowsApps;E:\Microsoft VS Code\bin;C:\Program Files (x86)\Common Files\Oracle\Java\javapath\java.exe;C:\Users\TechFast Australia\AppData\Roaming\npm;C:\Users\TechFast Australia\.local\bin;;.;D:\Projects\Quest\health\src\testDebug\jniLibs;D:\Projects\Quest\health\src\test\jniLibs -Dorg.gradle.internal.worker.tmpdir=D:\Projects\Quest\health\build\tmp\testDebugUnitTest\work --add-opens=java.base/java.io=ALL-UNNAMED -Xmx512m -Dfile.encoding=UTF-8 -Duser.country=AU -Duser.language=en -Duser.variant -ea 
java_command: worker.org.gradle.process.internal.worker.GradleWorkerMain 'Gradle Test Executor 25'
java_class_path (initial): C:\Users\TechFast Australia\.gradle\caches\8.14.3\workerMain\gradle-worker.jar;D:\Projects\Quest\health\build\intermediates\classes\debugUnitTest\transformDebugUnitTestClassesWithAsm\dirs;D:\Projects\Quest\health\build\intermediates\java_res\debugUnitTest\processDebugUnitTestJavaRes\out;D:\Projects\Quest\health\build\intermediates\runtime_library_classes_jar\debug\bundleLibRuntimeToJarDebug\classes.jar;C:\Users\TechFast Australia\.gradle\caches\modules-2\files-2.1\org.junit.jupiter\junit-jupiter-engine\5.11.4\dc10ec209623986a68ea07f67cdc7d2a65a60355\junit-jupiter-engine-5.11.4.jar;C:\Users\TechFast Australia\.gradle\caches\modules-2\files-2.1\org.junit.platform\junit-platform-engine\1.11.4\21f61b123ad6ac8f7e73971bff3a096c8d8e1cd0\junit-platform-engine-1.11.4.jar;C:\Users\TechFast Australia\.gradle\caches\modules-2\files-2.1\org.junit.platform\junit-platform-commons\1.11.4\8898eea3ed0da2641548d602c3e308804f166303\junit-platform-commons-1.11.4.jar;C:\Users\TechFast Australia\.gradle\caches\modules-2\files-2.1\org.junit.jupiter\junit-jupiter-params\5.11.4\e4c86fbe2a39c60c6b87260ef7f7e7c1a1906481\junit-jupiter-params-5.11.4.jar;C:\Users\TechFast Australia\.gradle\caches\modules-2\files-2.1\org.junit.jupiter\junit-jupiter-api\5.11.4\308315b28e667db4091b2ba1f7aa220d1ddadb97\junit-jupiter-api-5.11.4.jar;C:\Users\TechFast Australia\.gradle\caches\modules-2\files-2.1\app.cash.turbine\turbine-jvm\1.2.1\80767e0dc7df24e2ef980ae47a565d7726290fa3\Turbine-jvm.jar;D:\Projects\Quest\core\build\libs\core.jar;C:\Users\TechFast Australia\.gradle\caches\8.14.3\transforms\dfa4a8e313209db93aae993486129020\transformed\work-runtime-ktx-2.10.1-runtime.jar;C:\Users\TechFast Australia\.gradle\caches\8.14.3\transforms\49d0e6792c42730699281ac07234a3bf\transformed\hilt-work-1.2.0-runtime.jar;C:\Users\TechFast Australia\.gradle\caches\8.14.3\transforms\cb2ad17d4c2a07c7a7eb4a14faa3ea87\transformed\work-runtime-2.10.1-runtime.jar;C:\Users\TechFast Australia\.gradle\cache
Launcher Type: SUN_STANDARD

[Global flags]
     intx CICompilerCount                          = 4                                         {product} {ergonomic}
     uint ConcGCThreads                            = 3                                         {product} {ergonomic}
     uint G1ConcRefinementThreads                  = 10                                        {product} {ergonomic}
   size_t G1HeapRegionSize                         = 1048576                                   {product} {ergonomic}
    uintx GCDrainStackTargetSize                   = 64                                        {product} {ergonomic}
   size_t InitialHeapSize                          = 268435456                                 {product} {ergonomic}
   size_t MarkStackSize                            = 4194304                                   {product} {ergonomic}
   size_t MaxHeapSize                              = 536870912                                 {product} {command line}
   size_t MinHeapDeltaBytes                        = 1048576                                   {product} {ergonomic}
   size_t MinHeapSize                              = 8388608                                   {product} {ergonomic}
    uintx NonNMethodCodeHeapSize                   = 5839372                                {pd product} {ergonomic}
    uintx NonProfiledCodeHeapSize                  = 122909434                              {pd product} {ergonomic}
    uintx ProfiledCodeHeapSize                     = 122909434                              {pd product} {ergonomic}
    uintx ReservedCodeCacheSize                    = 251658240                              {pd product} {ergonomic}
     bool SegmentedCodeCache                       = true                                      {product} {ergonomic}
   size_t SoftMaxHeapSize                          = 536870912                              {manageable} {ergonomic}
     bool UseCompressedClassPointers               = true                           {product lp64_product} {ergonomic}
     bool UseCompressedOops                        = true                           {product lp64_product} {ergonomic}
     bool UseG1GC                                  = true                                      {product} {ergonomic}
     bool UseLargePagesIndividualAllocation        = false                                  {pd product} {ergonomic}

Logging:
Log output configuration:
 #0: stdout all=warning uptime,level,tags
 #1: stderr all=off uptime,level,tags

Environment Variables:
PATH=C:\Users\TechFast Australia\bin;C:\Program Files\Git\mingw64\bin;C:\Program Files\Git\usr\local\bin;C:\Program Files\Git\usr\bin;C:\Program Files\Git\usr\bin;C:\Program Files\Git\mingw64\bin;C:\Program Files\Git\usr\bin;C:\Users\TechFast Australia\bin;C:\Users\TechFast Australia\AppData\Local\Packages\PythonSoftwareFoundation.Python.3.13_qbz5n2kfra8p0\LocalCache\local-packages\Python313\Scripts;C:\Program Files (x86)\Razer Chroma SDK\bin;C:\Program Files\Razer Chroma SDK\bin;C:\Program Files (x86)\Common Files\Intel\Shared Libraries\redist\intel64\compiler;C:\Program Files (x86)\Common Files\Oracle\Java\javapath;C:\Program Files (x86)\NVIDIA Corporation\PhysX\Common;C:\WINDOWS\system32;C:\WINDOWS;C:\WINDOWS\System32\Wbem;C:\WINDOWS\System32\WindowsPowerShell\v1.0;C:\WINDOWS\System32\OpenSSH;C:\Users\TechFast Australia\AppData\Local\Microsoft\WindowsApps;E:\Microsoft VS Code\bin;C:\WINDOWS\system32;C:\WINDOWS;C:\WINDOWS\System32\Wbem;C:\WINDOWS\System32\WindowsPowerShell\v1.0;C:\WINDOWS\System32\OpenSSH;C:\Program Files\Calibre2;C:\Program Files\Git\cmd;D:\Apktool;E:\Program Files\Java\jdk-21.0.8\bin;C:\Program Files\dotnet;D:\AppData\Local\Android\Sdk\platform-tools;E:\Program Files\Node;C:\Users\TechFast Australia\.local\bin;C:\Users\TechFast Australia\AppData\Local\Microsoft\WindowsApps;E:\Microsoft VS Code\bin;C:\Program Files (x86)\Common Files\Oracle\Java\javapath\java.exe;C:\Users\TechFast Australia\AppData\Roaming\npm;C:\Users\TechFast Australia\.local\bin;C:\Program Files\Git\usr\bin\vendor_perl;C:\Program Files\Git\usr\bin\core_perl
USERNAME=TechFast Australia
SHELL=C:\Program Files\Git\usr\bin\bash.exe
TERM=xterm-256color
OS=Windows_NT
PROCESSOR_IDENTIFIER=AMD64 Family 23 Model 113 Stepping 0, AuthenticAMD
TMP=C:\temp
TEMP=C:\temp



Periodic native trim disabled


---------------  S Y S T E M  ---------------

OS:
 Windows 10 , 64 bit Build 19041 (10.0.19041.5915)
OS uptime: 0 days 1:30 hours
Hyper-V role detected

CPU: total 12 (initial active 12) (12 cores per cpu, 2 threads per core) family 23 model 113 stepping 0 microcode 0x0, cx8, cmov, fxsr, ht, mmx, 3dnowpref, sse, sse2, sse3, ssse3, sse4a, sse4.1, sse4.2, popcnt, lzcnt, tsc, tscinvbit, avx, avx2, aes, clmul, bmi1, bmi2, adx, sha, fma, vzeroupper, clflush, clflushopt, hv
Processor Information for all 12 processors :
  Max Mhz: 3801, Current Mhz: 3801, Mhz Limit: 3801

Memory: 4k page, system-wide physical 16309M (712M free)
TotalPageFile size 30472M (AvailPageFile size 26M)
current process WorkingSet (physical memory assigned to process): 11M, peak: 11M
current process commit charge ("private bytes"): 63M, peak: 319M

vm_info: OpenJDK 64-Bit Server VM (17.0.19+10) for windows-amd64 JRE (17.0.19+10), built on Apr 25 2026 08:04:44 by "admin" with MS VC++ 17.12 (VS2022)

END.
